#
#model:
#
#<?xml version="1.0" encoding="UTF-8" standalone="no"?><input id="posterior" spec="beast.core.util.CompoundDistribution">
#    <distribution id="prior" spec="beast.core.util.CompoundDistribution">
#        <distribution id="lambdaPrior" spec="beast.math.distributions.Prior">
#            <parameter id="lambda" lower="0.0" name="x">54.1667</parameter>
#            <distr id="OneOnX" spec="beast.math.distributions.OneOnX"/>
#        </distribution>
#        <snapprior id="snapprior" lambda="@lambda" name="distribution" rateprior="gamma">
#            <parameter id="alpha" lower="0.0" name="alpha">2.0</parameter>
#            <parameter id="beta" lower="0.0" name="beta">20.0</parameter>
#            <parameter id="kappa" lower="0.0" name="kappa">34.6574</parameter>
#            <parameter id="coalescenceRate" name="coalescenceRate">10.0</parameter>
#            <tree clusterType="upgma" id="tree" nodetype="snap.NodeData" spec="beast.util.ClusterTree">
#                <taxa dataType="integerdata" id="snapalignment" spec="snap.Data" statecount="3">
#                    <sequence id="Sequence" taxon="A" totalcount="3">2,2,1,0,2,2,0,0,2,2,0,2,0,0,0,1,0,2,0,2,</sequence>
#                    <sequence id="Sequence1" taxon="B" totalcount="3">2,0,2,1,2,2,0,0,2,0,1,2,0,0,0,0,0,0,0,1,</sequence>
#                    <sequence id="Sequence2" taxon="C" totalcount="3">0,0,2,0,1,2,0,1,0,2,0,1,0,0,1,0,0,2,0,2,</sequence>
#                    <sequence id="Sequence3" taxon="D" totalcount="3">2,0,2,0,2,0,2,0,0,2,0,2,1,2,2,0,2,2,2,2,</sequence>
#                </taxa>
#            </tree>
#        </snapprior>
#    </distribution>
#    <snaptreelikelihood data="@snapalignment" id="treeLikelihood" name="distribution" non-polymorphic="false" pattern="rate" tree="@tree">
#        <siteModel id="siteModel" spec="beast.evolution.sitemodel.SiteModel">
#            <substModel coalescenceRate="@coalescenceRate" id="SnapSubstitutionModel" spec="snap.likelihood.SnapSubstitutionModel">
#                <parameter id="u" lower="0.0" name="mutationRateU">1.0</parameter>
#                <parameter id="v" lower="0.0" name="mutationRateV">1.0</parameter>
#            </substModel>
#        </siteModel>
#    </snaptreelikelihood>
#</input>
#
Sample	u	v	prior	lambdaPrior	treeLikelihood	P0	P1	posterior	lambda	coalescenceRate1	coalescenceRate2	coalescenceRate3	coalescenceRate4	coalescenceRate5	coalescenceRate6	coalescenceRate7	theta0	theta1	theta2	theta3	theta4	theta5	theta6	tree.height	tree.length
0	1.0	1.0	-76.20766068278549	-3.9920663284861084	-85.43146763231297	0.2602799633292776	0.2602799633292754	-161.63912831509845	54.1667	10.0	10.0	10.0	10.0	10.0	14.598100145790108	10.0	0.2	0.2	0.2	0.2	0.2	0.13700412930629008	0.2	0.05	0.14700000000000002
